
Gurobi 7.5.2 (linux64, Python) logging started Tue May  1 04:01:09 2018

Academic license - for non-commercial use only

Gurobi 7.5.2 (linux64, Python) logging started Tue May  1 04:06:37 2018

Academic license - for non-commercial use only

Gurobi 7.5.2 (linux64, Python) logging started Tue May  1 04:17:04 2018

Academic license - for non-commercial use only

Gurobi 7.5.2 (linux64, Python) logging started Tue May  1 04:18:06 2018

Academic license - for non-commercial use only

Gurobi 7.5.2 (linux64, Python) logging started Tue May  1 04:23:10 2018

Academic license - for non-commercial use only

Gurobi 7.5.2 (linux64, Python) logging started Tue May  1 04:23:38 2018

Academic license - for non-commercial use only

Gurobi 7.5.2 (linux64, Python) logging started Tue May  1 04:31:48 2018

Academic license - for non-commercial use only

Gurobi 7.5.2 (linux64, Python) logging started Tue May  1 04:33:19 2018

Academic license - for non-commercial use only

Gurobi 7.5.2 (linux64, Python) logging started Tue May  1 04:33:55 2018

Academic license - for non-commercial use only

Gurobi 7.5.2 (linux64, Python) logging started Tue May  1 04:34:25 2018

Academic license - for non-commercial use only

Gurobi 7.5.2 (linux64, Python) logging started Tue May  1 04:38:09 2018

Academic license - for non-commercial use only

Gurobi 7.5.2 (linux64, Python) logging started Tue May  1 04:42:19 2018

Academic license - for non-commercial use only

Gurobi 7.5.2 (linux64, Python) logging started Tue May  1 04:43:31 2018

Academic license - for non-commercial use only

Gurobi 7.5.2 (linux64, Python) logging started Tue May  1 04:44:34 2018

Academic license - for non-commercial use only

Gurobi 7.5.2 (linux64, Python) logging started Tue May  1 04:45:22 2018

Academic license - for non-commercial use only

Gurobi 7.5.2 (linux64, Python) logging started Tue May  1 04:46:56 2018

Academic license - for non-commercial use only

Gurobi 7.5.2 (linux64, Python) logging started Tue May  1 04:55:40 2018

Academic license - for non-commercial use only

Gurobi 7.5.2 (linux64, Python) logging started Tue May  1 05:05:15 2018

Academic license - for non-commercial use only

Gurobi 7.5.2 (linux64, Python) logging started Tue May  1 05:06:22 2018

Academic license - for non-commercial use only

Gurobi 7.5.2 (linux64, Python) logging started Tue May  1 05:06:48 2018

Academic license - for non-commercial use only

Gurobi 7.5.2 (linux64, Python) logging started Tue May  1 05:10:35 2018

Academic license - for non-commercial use only

Gurobi 7.5.2 (linux64, Python) logging started Tue May  1 05:23:06 2018

Academic license - for non-commercial use only

Gurobi 7.5.2 (linux64, Python) logging started Tue May  1 05:31:17 2018

Academic license - for non-commercial use only

Gurobi 7.5.2 (linux64, Python) logging started Tue May  1 05:33:22 2018

Academic license - for non-commercial use only

Gurobi 7.5.2 (linux64, Python) logging started Tue May  1 05:36:39 2018

Academic license - for non-commercial use only

Gurobi 7.5.2 (linux64, Python) logging started Tue May  1 05:41:17 2018

Academic license - for non-commercial use only

Gurobi 7.5.2 (linux64, Python) logging started Tue May  1 05:49:35 2018

Academic license - for non-commercial use only

Gurobi 7.5.2 (linux64, Python) logging started Tue May  1 06:22:27 2018

Academic license - for non-commercial use only

Gurobi 7.5.2 (linux64, Python) logging started Tue May  1 06:25:48 2018

Academic license - for non-commercial use only

Gurobi 7.5.2 (linux64, Python) logging started Tue May  1 06:27:08 2018

Academic license - for non-commercial use only

Gurobi 7.5.2 (linux64, Python) logging started Tue May  1 06:29:28 2018

Academic license - for non-commercial use only

Gurobi 7.5.2 (linux64, Python) logging started Tue May  1 06:30:32 2018

Academic license - for non-commercial use only

Gurobi 7.5.2 (linux64, Python) logging started Tue May  1 06:31:41 2018

Academic license - for non-commercial use only

Gurobi 7.5.2 (linux64, Python) logging started Tue May  1 06:32:47 2018

Academic license - for non-commercial use only

Gurobi 7.5.2 (linux64, Python) logging started Tue May  1 06:34:15 2018

Academic license - for non-commercial use only

Gurobi 7.5.2 (linux64, Python) logging started Tue May  1 06:44:31 2018

Academic license - for non-commercial use only

Gurobi 7.5.2 (linux64, Python) logging started Tue May  1 06:59:26 2018

Academic license - for non-commercial use only

Gurobi 7.5.2 (linux64, Python) logging started Tue May  1 07:03:55 2018

Academic license - for non-commercial use only

Gurobi 7.5.2 (linux64, Python) logging started Tue May  1 07:05:49 2018

Academic license - for non-commercial use only

Gurobi 7.5.2 (linux64, Python) logging started Tue May  1 07:06:38 2018

Academic license - for non-commercial use only

Gurobi 7.5.2 (linux64, Python) logging started Tue May  1 07:07:27 2018

Academic license - for non-commercial use only

Gurobi 7.5.2 (linux64, Python) logging started Tue May  1 07:10:13 2018

Academic license - for non-commercial use only

Gurobi 7.5.2 (linux64, Python) logging started Tue May  1 07:11:53 2018

Academic license - for non-commercial use only

Gurobi 7.5.2 (linux64, Python) logging started Tue May  1 07:12:47 2018

Academic license - for non-commercial use only

Gurobi 7.5.2 (linux64, Python) logging started Tue May  1 07:21:42 2018

Academic license - for non-commercial use only

Gurobi 7.5.2 (linux64, Python) logging started Tue May  1 07:25:05 2018

Academic license - for non-commercial use only

Gurobi 7.5.2 (linux64, Python) logging started Tue May  1 07:32:58 2018

Academic license - for non-commercial use only

Gurobi 7.5.2 (linux64, Python) logging started Tue May  1 07:33:38 2018

Academic license - for non-commercial use only

Gurobi 7.5.2 (linux64, Python) logging started Tue May  1 07:38:01 2018

Academic license - for non-commercial use only

Gurobi 7.5.2 (linux64, Python) logging started Tue May  1 07:40:42 2018

Academic license - for non-commercial use only

Gurobi 7.5.2 (linux64, Python) logging started Tue May  1 07:42:19 2018

Academic license - for non-commercial use only

Gurobi 7.5.2 (linux64, Python) logging started Tue May  1 07:45:05 2018

Academic license - for non-commercial use only

Gurobi 7.5.2 (linux64, Python) logging started Tue May  1 07:58:05 2018

Academic license - for non-commercial use only

Gurobi 7.5.2 (linux64, Python) logging started Tue May  1 08:04:05 2018

Academic license - for non-commercial use only

Gurobi 7.5.2 (linux64, Python) logging started Tue May  1 08:08:51 2018

Academic license - for non-commercial use only

Gurobi 7.5.2 (linux64, Python) logging started Tue May  1 08:15:10 2018

Academic license - for non-commercial use only

Gurobi 7.5.2 (linux64, Python) logging started Tue May  1 08:20:54 2018

Academic license - for non-commercial use only

Gurobi 7.5.2 (linux64, Python) logging started Tue May  1 08:22:59 2018

Academic license - for non-commercial use only

Gurobi 7.5.2 (linux64, Python) logging started Tue May  1 08:25:15 2018

Academic license - for non-commercial use only

Gurobi 7.5.2 (linux64, Python) logging started Tue May  1 11:19:03 2018

Academic license - for non-commercial use only

Gurobi 7.5.2 (linux64, Python) logging started Tue May  1 11:34:58 2018

Academic license - for non-commercial use only

Gurobi 7.5.2 (linux64, Python) logging started Tue May  1 11:36:56 2018

Academic license - for non-commercial use only

Gurobi 7.5.2 (linux64, Python) logging started Tue May  1 12:17:10 2018

Academic license - for non-commercial use only

Gurobi 7.5.2 (linux64, Python) logging started Tue May  1 12:20:46 2018

Academic license - for non-commercial use only

Gurobi 7.5.2 (linux64, Python) logging started Tue May  1 12:30:27 2018

Academic license - for non-commercial use only

Gurobi 7.5.2 (linux64, Python) logging started Tue May  1 12:32:21 2018

Academic license - for non-commercial use only

Gurobi 7.5.2 (linux64, Python) logging started Tue May  1 12:34:59 2018

Academic license - for non-commercial use only

Gurobi 7.5.2 (linux64, Python) logging started Tue May  1 12:52:34 2018

Academic license - for non-commercial use only

Gurobi 7.5.2 (linux64, Python) logging started Tue May  1 12:56:02 2018

Academic license - for non-commercial use only

Gurobi 7.5.2 (linux64, Python) logging started Tue May  1 12:59:32 2018

Academic license - for non-commercial use only

Gurobi 7.5.2 (linux64, Python) logging started Tue May  1 13:09:58 2018

Academic license - for non-commercial use only

Gurobi 7.5.2 (linux64, Python) logging started Tue May  1 13:18:58 2018

Academic license - for non-commercial use only

Gurobi 7.5.2 (linux64, Python) logging started Tue May  1 13:21:11 2018

Academic license - for non-commercial use only

Gurobi 7.5.2 (linux64, Python) logging started Tue May  1 13:22:53 2018

Academic license - for non-commercial use only

Gurobi 7.5.2 (linux64, Python) logging started Tue May  1 13:25:03 2018

Academic license - for non-commercial use only

Gurobi 7.5.2 (linux64, Python) logging started Tue May  1 14:57:14 2018

Academic license - for non-commercial use only

Gurobi 7.5.2 (linux64, Python) logging started Tue May  1 15:29:45 2018

Academic license - for non-commercial use only

Gurobi 7.5.2 (linux64, Python) logging started Tue May  1 15:31:51 2018

Academic license - for non-commercial use only

Gurobi 7.5.2 (linux64, Python) logging started Tue May  1 15:45:57 2018

Academic license - for non-commercial use only

Gurobi 7.5.2 (linux64, Python) logging started Tue May  1 15:46:19 2018

Academic license - for non-commercial use only

Gurobi 7.5.2 (linux64, Python) logging started Tue May  1 15:48:28 2018

Academic license - for non-commercial use only

Gurobi 7.5.2 (linux64, Python) logging started Tue May  1 15:49:19 2018

Academic license - for non-commercial use only

Gurobi 7.5.2 (linux64, Python) logging started Tue May  1 15:52:28 2018

Academic license - for non-commercial use only

Gurobi 7.5.2 (linux64, Python) logging started Tue May  1 15:53:41 2018

Academic license - for non-commercial use only

Gurobi 7.5.2 (linux64, Python) logging started Tue May  1 16:02:22 2018

Academic license - for non-commercial use only

Gurobi 7.5.2 (linux64, Python) logging started Tue May  1 16:09:30 2018

Academic license - for non-commercial use only

Gurobi 7.5.2 (linux64, Python) logging started Tue May  1 16:14:48 2018

Academic license - for non-commercial use only

Gurobi 7.5.2 (linux64, Python) logging started Tue May  1 16:17:42 2018

Academic license - for non-commercial use only

Gurobi 7.5.2 (linux64, Python) logging started Tue May  1 16:18:11 2018

Academic license - for non-commercial use only

Gurobi 7.5.2 (linux64, Python) logging started Tue May  1 16:18:24 2018

Academic license - for non-commercial use only

Gurobi 7.5.2 (linux64, Python) logging started Tue May  1 16:19:29 2018

Academic license - for non-commercial use only

Gurobi 7.5.2 (linux64, Python) logging started Tue May  1 16:20:59 2018

Academic license - for non-commercial use only

Gurobi 7.5.2 (linux64, Python) logging started Tue May  1 16:23:06 2018

Academic license - for non-commercial use only

Gurobi 7.5.2 (linux64, Python) logging started Tue May  1 16:24:46 2018

Academic license - for non-commercial use only

Gurobi 7.5.2 (linux64, Python) logging started Tue May  1 16:26:41 2018

Academic license - for non-commercial use only

Gurobi 7.5.2 (linux64, Python) logging started Tue May  1 16:28:09 2018

Academic license - for non-commercial use only

Gurobi 7.5.2 (linux64, Python) logging started Tue May  1 16:29:06 2018

Academic license - for non-commercial use only

Gurobi 7.5.2 (linux64, Python) logging started Tue May  1 16:30:56 2018

Academic license - for non-commercial use only

Gurobi 7.5.2 (linux64, Python) logging started Tue May  1 16:31:33 2018

Academic license - for non-commercial use only

Gurobi 7.5.2 (linux64, Python) logging started Tue May  1 16:32:29 2018

Academic license - for non-commercial use only

Gurobi 7.5.2 (linux64, Python) logging started Tue May  1 16:38:18 2018

Academic license - for non-commercial use only

Gurobi 7.5.2 (linux64, Python) logging started Tue May  1 16:40:18 2018

Academic license - for non-commercial use only

Gurobi 7.5.2 (linux64, Python) logging started Tue May  1 16:42:42 2018

Academic license - for non-commercial use only

Gurobi 7.5.2 (linux64, Python) logging started Tue May  1 16:43:33 2018

Academic license - for non-commercial use only

Gurobi 7.5.2 (linux64, Python) logging started Tue May  1 18:06:39 2018

Academic license - for non-commercial use only

Gurobi 7.5.2 (linux64, Python) logging started Tue May  1 18:37:48 2018

Academic license - for non-commercial use only

Gurobi 7.5.2 (linux64, Python) logging started Tue May  1 18:38:58 2018

Academic license - for non-commercial use only

Gurobi 7.5.2 (linux64, Python) logging started Tue May  1 18:41:44 2018

Academic license - for non-commercial use only

Gurobi 7.5.2 (linux64, Python) logging started Tue May  1 18:52:09 2018

Academic license - for non-commercial use only

Gurobi 7.5.2 (linux64, Python) logging started Tue May  1 18:52:55 2018

Academic license - for non-commercial use only

Gurobi 7.5.2 (linux64, Python) logging started Tue May  1 18:56:54 2018

Academic license - for non-commercial use only

Gurobi 7.5.2 (linux64, Python) logging started Tue May  1 18:58:02 2018

Academic license - for non-commercial use only

Gurobi 7.5.2 (linux64, Python) logging started Tue May  1 18:59:02 2018

Academic license - for non-commercial use only

Gurobi 7.5.2 (linux64, Python) logging started Tue May  1 19:01:35 2018

Academic license - for non-commercial use only

Gurobi 7.5.2 (linux64, Python) logging started Tue May  1 19:04:21 2018

Academic license - for non-commercial use only

Gurobi 7.5.2 (linux64, Python) logging started Tue May  1 19:05:34 2018

Academic license - for non-commercial use only

Gurobi 7.5.2 (linux64, Python) logging started Tue May  1 19:06:48 2018

Academic license - for non-commercial use only

Gurobi 7.5.2 (linux64, Python) logging started Tue May  1 19:08:40 2018

Academic license - for non-commercial use only

Gurobi 7.5.2 (linux64, Python) logging started Tue May  1 19:17:19 2018

Academic license - for non-commercial use only

Gurobi 7.5.2 (linux64, Python) logging started Tue May  1 19:25:09 2018

Academic license - for non-commercial use only

Gurobi 7.5.2 (linux64, Python) logging started Tue May  1 19:25:30 2018

Academic license - for non-commercial use only

Gurobi 7.5.2 (linux64, Python) logging started Tue May  1 19:27:04 2018

Academic license - for non-commercial use only

Gurobi 7.5.2 (linux64, Python) logging started Tue May  1 19:29:52 2018

Academic license - for non-commercial use only

Gurobi 7.5.2 (linux64, Python) logging started Tue May  1 19:40:49 2018

Academic license - for non-commercial use only

Gurobi 7.5.2 (linux64, Python) logging started Tue May  1 19:47:43 2018

Academic license - for non-commercial use only

Gurobi 7.5.2 (linux64, Python) logging started Tue May  1 20:02:05 2018

Academic license - for non-commercial use only

Gurobi 7.5.2 (linux64, Python) logging started Tue May  1 20:03:16 2018

Academic license - for non-commercial use only

Gurobi 7.5.2 (linux64, Python) logging started Tue May  1 20:04:28 2018

Academic license - for non-commercial use only

Gurobi 7.5.2 (linux64, Python) logging started Tue May  1 20:15:18 2018

Academic license - for non-commercial use only

Gurobi 7.5.2 (linux64, Python) logging started Tue May  1 20:16:44 2018

Academic license - for non-commercial use only

Gurobi 7.5.2 (linux64, Python) logging started Tue May  1 20:59:40 2018

Academic license - for non-commercial use only

Gurobi 7.5.2 (linux64, Python) logging started Tue May  1 21:45:31 2018

Academic license - for non-commercial use only

Gurobi 7.5.2 (linux64, Python) logging started Tue May  1 21:45:58 2018

Academic license - for non-commercial use only

Gurobi 7.5.2 (linux64, Python) logging started Tue May  1 21:47:21 2018

Academic license - for non-commercial use only

Gurobi 7.5.2 (linux64, Python) logging started Tue May  1 21:51:59 2018

Academic license - for non-commercial use only

Gurobi 7.5.2 (linux64, Python) logging started Tue May  1 21:56:43 2018

Academic license - for non-commercial use only

Gurobi 7.5.2 (linux64, Python) logging started Tue May  1 22:15:27 2018

Academic license - for non-commercial use only

Gurobi 7.5.2 (linux64, Python) logging started Tue May  1 22:15:58 2018

Academic license - for non-commercial use only

Gurobi 7.5.2 (linux64, Python) logging started Tue May  1 22:19:01 2018

Academic license - for non-commercial use only

Gurobi 7.5.2 (linux64, Python) logging started Tue May  1 22:37:23 2018

Academic license - for non-commercial use only

Gurobi 7.5.2 (linux64, Python) logging started Tue May  1 22:39:29 2018

Academic license - for non-commercial use only

Gurobi 7.5.2 (linux64, Python) logging started Tue May  1 22:41:43 2018

Academic license - for non-commercial use only

Gurobi 7.5.2 (linux64, Python) logging started Tue May  1 22:43:47 2018

Academic license - for non-commercial use only

Gurobi 7.5.2 (linux64, Python) logging started Tue May  1 22:45:24 2018

Academic license - for non-commercial use only

Gurobi 7.5.2 (linux64, Python) logging started Tue May  1 22:47:36 2018

Academic license - for non-commercial use only

Gurobi 7.5.2 (linux64, Python) logging started Tue May  1 22:51:57 2018

Academic license - for non-commercial use only

Gurobi 7.5.2 (linux64, Python) logging started Tue May  1 23:09:08 2018

Academic license - for non-commercial use only

Gurobi 7.5.2 (linux64, Python) logging started Tue May  1 23:13:32 2018

Academic license - for non-commercial use only

Gurobi 7.5.2 (linux64, Python) logging started Tue May  1 23:30:57 2018

Academic license - for non-commercial use only

Gurobi 7.5.2 (linux64, Python) logging started Tue May  1 23:35:02 2018

Academic license - for non-commercial use only

Gurobi 7.5.2 (linux64, Python) logging started Tue May  1 23:44:32 2018

Academic license - for non-commercial use only

Gurobi 7.5.2 (linux64, Python) logging started Tue May  1 23:52:55 2018

Academic license - for non-commercial use only

Gurobi 7.5.2 (linux64, Python) logging started Tue May  1 23:54:09 2018

Academic license - for non-commercial use only

Gurobi 7.5.2 (linux64, Python) logging started Tue May  1 23:54:42 2018

Academic license - for non-commercial use only

Gurobi 7.5.2 (linux64, Python) logging started Wed May  2 00:08:04 2018

Academic license - for non-commercial use only

Gurobi 7.5.2 (linux64, Python) logging started Wed May  2 00:13:49 2018

Academic license - for non-commercial use only

Gurobi 7.5.2 (linux64, Python) logging started Wed May  2 00:14:17 2018

Academic license - for non-commercial use only

Gurobi 7.5.2 (linux64, Python) logging started Wed May  2 00:14:52 2018

Academic license - for non-commercial use only

Gurobi 7.5.2 (linux64, Python) logging started Wed May  2 00:16:08 2018

Academic license - for non-commercial use only

Gurobi 7.5.2 (linux64, Python) logging started Wed May  2 00:16:57 2018

Academic license - for non-commercial use only

Gurobi 7.5.2 (linux64, Python) logging started Wed May  2 00:25:35 2018

Academic license - for non-commercial use only

Gurobi 7.5.2 (linux64, Python) logging started Wed May  2 00:27:44 2018

Academic license - for non-commercial use only

Gurobi 7.5.2 (linux64, Python) logging started Sun May  6 12:06:54 2018

Academic license - for non-commercial use only

Gurobi 7.5.2 (linux64, Python) logging started Sun May  6 12:09:16 2018

Academic license - for non-commercial use only

Gurobi 7.5.2 (linux64, Python) logging started Sun May  6 12:11:18 2018

Academic license - for non-commercial use only

Gurobi 7.5.2 (linux64, Python) logging started Sun May  6 12:14:23 2018

Academic license - for non-commercial use only

Gurobi 7.5.2 (linux64, Python) logging started Sun May  6 12:16:22 2018

Academic license - for non-commercial use only

Gurobi 7.5.2 (linux64, Python) logging started Sun May  6 12:21:35 2018

Academic license - for non-commercial use only

Gurobi 7.5.2 (linux64, Python) logging started Sun May  6 12:23:24 2018

Academic license - for non-commercial use only

Gurobi 7.5.2 (linux64, Python) logging started Sun May  6 12:28:42 2018

Academic license - for non-commercial use only

Gurobi 7.5.2 (linux64, Python) logging started Sun May  6 12:33:21 2018

Academic license - for non-commercial use only

Gurobi 7.5.2 (linux64, Python) logging started Sun May  6 12:36:13 2018

Academic license - for non-commercial use only

Gurobi 7.5.2 (linux64, Python) logging started Sun May  6 12:38:36 2018

Academic license - for non-commercial use only

Gurobi 7.5.2 (linux64, Python) logging started Sun May  6 12:41:32 2018

Academic license - for non-commercial use only

Gurobi 7.5.2 (linux64, Python) logging started Sun May  6 12:44:22 2018

Academic license - for non-commercial use only

Gurobi 7.5.2 (linux64, Python) logging started Sun May  6 12:44:40 2018

Academic license - for non-commercial use only

Gurobi 7.5.2 (linux64, Python) logging started Sun May  6 12:47:53 2018

Academic license - for non-commercial use only

Gurobi 7.5.2 (linux64, Python) logging started Sun May  6 12:50:10 2018

Academic license - for non-commercial use only

Gurobi 7.5.2 (linux64, Python) logging started Sun May  6 12:52:22 2018

Academic license - for non-commercial use only

Gurobi 7.5.2 (linux64, Python) logging started Sun May  6 16:47:08 2018

Academic license - for non-commercial use only

Gurobi 7.5.2 (linux64, Python) logging started Sun May  6 16:48:39 2018

Academic license - for non-commercial use only

Gurobi 7.5.2 (linux64, Python) logging started Sun May  6 16:50:25 2018

Academic license - for non-commercial use only

Gurobi 7.5.2 (linux64, Python) logging started Sun May  6 16:55:19 2018

Academic license - for non-commercial use only

Gurobi 7.5.2 (linux64, Python) logging started Sun May  6 17:07:36 2018

Academic license - for non-commercial use only

Gurobi 7.5.2 (linux64, Python) logging started Sun May  6 17:09:35 2018

Academic license - for non-commercial use only

Gurobi 7.5.2 (linux64, Python) logging started Sun May  6 17:11:16 2018

Academic license - for non-commercial use only

Gurobi 7.5.2 (linux64, Python) logging started Sun May  6 17:11:51 2018

Academic license - for non-commercial use only

Gurobi 7.5.2 (linux64, Python) logging started Sun May  6 17:15:10 2018

Academic license - for non-commercial use only

Gurobi 7.5.2 (linux64, Python) logging started Sun May  6 17:23:17 2018

Academic license - for non-commercial use only

Gurobi 7.5.2 (linux64, Python) logging started Sun May  6 17:24:30 2018

Academic license - for non-commercial use only

Gurobi 7.5.2 (linux64, Python) logging started Sun May  6 17:50:04 2018

Academic license - for non-commercial use only

Gurobi 7.5.2 (linux64, Python) logging started Sun May  6 17:52:37 2018

Academic license - for non-commercial use only

Gurobi 7.5.2 (linux64, Python) logging started Sun May  6 17:56:03 2018

Academic license - for non-commercial use only

Gurobi 7.5.2 (linux64, Python) logging started Sun May  6 17:58:04 2018

Academic license - for non-commercial use only

Gurobi 7.5.2 (linux64, Python) logging started Sun May  6 18:04:41 2018

Academic license - for non-commercial use only

Gurobi 7.5.2 (linux64, Python) logging started Sun May  6 18:06:56 2018

Academic license - for non-commercial use only

Gurobi 7.5.2 (linux64, Python) logging started Sun May  6 18:09:57 2018

Academic license - for non-commercial use only

Gurobi 7.5.2 (linux64, Python) logging started Sun May  6 18:14:40 2018

Academic license - for non-commercial use only

Gurobi 7.5.2 (linux64, Python) logging started Sun May  6 18:22:04 2018

Academic license - for non-commercial use only

Gurobi 7.5.2 (linux64, Python) logging started Sun May  6 18:28:25 2018

Academic license - for non-commercial use only

Gurobi 7.5.2 (linux64, Python) logging started Sun May  6 18:30:48 2018

Academic license - for non-commercial use only

Gurobi 7.5.2 (linux64, Python) logging started Sun May  6 18:33:14 2018

Academic license - for non-commercial use only

Gurobi 7.5.2 (linux64, Python) logging started Sun May  6 18:34:49 2018

Academic license - for non-commercial use only

Gurobi 7.5.2 (linux64, Python) logging started Sun May  6 18:41:19 2018

Academic license - for non-commercial use only

Gurobi 7.5.2 (linux64, Python) logging started Sun May  6 18:44:03 2018

Academic license - for non-commercial use only

Gurobi 7.5.2 (linux64, Python) logging started Sun May  6 18:45:26 2018

Academic license - for non-commercial use only

Gurobi 7.5.2 (linux64, Python) logging started Sun May  6 19:09:44 2018

Academic license - for non-commercial use only

Gurobi 7.5.2 (linux64, Python) logging started Sun May  6 19:10:55 2018

Academic license - for non-commercial use only

Gurobi 7.5.2 (linux64, Python) logging started Sun May  6 19:22:02 2018

Academic license - for non-commercial use only

Gurobi 7.5.2 (linux64, Python) logging started Sun May  6 19:22:38 2018

Academic license - for non-commercial use only

Gurobi 7.5.2 (linux64, Python) logging started Sun May  6 19:23:35 2018

Academic license - for non-commercial use only

Gurobi 7.5.2 (linux64, Python) logging started Sun May  6 19:24:37 2018

Academic license - for non-commercial use only

Gurobi 7.5.2 (linux64, Python) logging started Sun May  6 19:27:10 2018

Academic license - for non-commercial use only

Gurobi 7.5.2 (linux64, Python) logging started Sun May  6 19:29:03 2018

Academic license - for non-commercial use only

Gurobi 7.5.2 (linux64, Python) logging started Sun May  6 19:29:22 2018

Academic license - for non-commercial use only

Gurobi 7.5.2 (linux64, Python) logging started Sun May  6 19:30:53 2018

Academic license - for non-commercial use only

Gurobi 7.5.2 (linux64, Python) logging started Sun May  6 19:33:28 2018

Academic license - for non-commercial use only

Gurobi 7.5.2 (linux64, Python) logging started Sun May  6 21:04:09 2018

Academic license - for non-commercial use only

Gurobi 7.5.2 (linux64, Python) logging started Sun May  6 21:05:10 2018

Academic license - for non-commercial use only

Gurobi 7.5.2 (linux64, Python) logging started Sun May  6 21:09:16 2018

Academic license - for non-commercial use only

Gurobi 7.5.2 (linux64, Python) logging started Sun May  6 21:32:12 2018

Academic license - for non-commercial use only

Gurobi 7.5.2 (linux64, Python) logging started Sun May  6 21:35:00 2018

Academic license - for non-commercial use only

Gurobi 7.5.2 (linux64, Python) logging started Sun May  6 21:39:17 2018

Academic license - for non-commercial use only

Gurobi 7.5.2 (linux64, Python) logging started Sun May  6 21:40:23 2018

Academic license - for non-commercial use only

Gurobi 7.5.2 (linux64, Python) logging started Sun May  6 21:47:38 2018

Academic license - for non-commercial use only

Gurobi 7.5.2 (linux64, Python) logging started Sun May  6 21:51:24 2018

Academic license - for non-commercial use only

Gurobi 7.5.2 (linux64, Python) logging started Sun May  6 21:58:14 2018

Academic license - for non-commercial use only

Gurobi 7.5.2 (linux64, Python) logging started Sun May  6 22:00:36 2018

Academic license - for non-commercial use only

Gurobi 7.5.2 (linux64, Python) logging started Sun May  6 22:12:29 2018

Academic license - for non-commercial use only

Gurobi 7.5.2 (linux64, Python) logging started Sun May  6 23:03:52 2018

Academic license - for non-commercial use only

Gurobi 7.5.2 (linux64, Python) logging started Sun May  6 23:10:13 2018

Academic license - for non-commercial use only

Gurobi 7.5.2 (linux64, Python) logging started Sun May  6 23:21:32 2018

Academic license - for non-commercial use only

Gurobi 7.5.2 (linux64, Python) logging started Sun May  6 23:24:28 2018

Academic license - for non-commercial use only

Gurobi 7.5.2 (linux64, Python) logging started Sun May  6 23:51:52 2018

Academic license - for non-commercial use only

Gurobi 7.5.2 (linux64, Python) logging started Sun May  6 23:52:27 2018

Academic license - for non-commercial use only

Gurobi 7.5.2 (linux64, Python) logging started Mon May  7 00:00:05 2018

Academic license - for non-commercial use only

Gurobi 7.5.2 (linux64, Python) logging started Mon May  7 00:01:51 2018

Academic license - for non-commercial use only

Gurobi 7.5.2 (linux64, Python) logging started Mon May  7 00:03:59 2018

Academic license - for non-commercial use only

Gurobi 7.5.2 (linux64, Python) logging started Mon May  7 00:05:39 2018

Academic license - for non-commercial use only

Gurobi 7.5.2 (linux64, Python) logging started Mon May  7 00:07:27 2018

Academic license - for non-commercial use only

Gurobi 7.5.2 (linux64, Python) logging started Mon May  7 00:09:09 2018

Academic license - for non-commercial use only

Gurobi 7.5.2 (linux64, Python) logging started Mon May  7 00:09:59 2018

Academic license - for non-commercial use only

Gurobi 7.5.2 (linux64, Python) logging started Mon May  7 00:11:28 2018

Academic license - for non-commercial use only

Gurobi 7.5.2 (linux64, Python) logging started Mon May  7 00:13:08 2018

Academic license - for non-commercial use only

Gurobi 7.5.2 (linux64, Python) logging started Mon May  7 00:14:43 2018

Academic license - for non-commercial use only

Gurobi 7.5.2 (linux64, Python) logging started Mon May  7 00:16:01 2018

Academic license - for non-commercial use only

Gurobi 7.5.2 (linux64, Python) logging started Mon May  7 00:16:37 2018

Academic license - for non-commercial use only

Gurobi 7.5.2 (linux64, Python) logging started Mon May  7 00:18:04 2018

Academic license - for non-commercial use only

Gurobi 7.5.2 (linux64, Python) logging started Mon May  7 00:21:18 2018

Academic license - for non-commercial use only

Gurobi 7.5.2 (linux64, Python) logging started Mon May  7 22:37:11 2018

Academic license - for non-commercial use only

Gurobi 7.5.2 (linux64, Python) logging started Tue May  8 00:09:32 2018

Academic license - for non-commercial use only

Gurobi 7.5.2 (linux64, Python) logging started Tue May  8 00:10:27 2018

Academic license - for non-commercial use only

Gurobi 7.5.2 (linux64, Python) logging started Tue May  8 00:10:59 2018

Academic license - for non-commercial use only

Gurobi 7.5.2 (linux64, Python) logging started Tue May  8 00:12:46 2018

Academic license - for non-commercial use only

Gurobi 7.5.2 (linux64, Python) logging started Tue May  8 00:24:07 2018

Academic license - for non-commercial use only

Gurobi 7.5.2 (linux64, Python) logging started Tue May  8 00:24:48 2018

Academic license - for non-commercial use only

Gurobi 7.5.2 (linux64, Python) logging started Tue May  8 00:25:30 2018

Academic license - for non-commercial use only

Gurobi 7.5.2 (linux64, Python) logging started Tue May  8 00:26:35 2018

Academic license - for non-commercial use only

Gurobi 7.5.2 (linux64, Python) logging started Tue May  8 00:26:42 2018

Academic license - for non-commercial use only

Gurobi 7.5.2 (linux64, Python) logging started Tue May  8 00:27:39 2018

Academic license - for non-commercial use only

Gurobi 7.5.2 (linux64, Python) logging started Tue May  8 00:28:49 2018

Academic license - for non-commercial use only

Gurobi 7.5.2 (linux64, Python) logging started Tue May  8 00:30:25 2018

Academic license - for non-commercial use only

Gurobi 7.5.2 (linux64, Python) logging started Tue May  8 00:32:36 2018

Academic license - for non-commercial use only

Gurobi 7.5.2 (linux64, Python) logging started Tue May  8 00:37:34 2018

Academic license - for non-commercial use only

Gurobi 7.5.2 (linux64, Python) logging started Tue May  8 00:46:21 2018

Academic license - for non-commercial use only

Gurobi 7.5.2 (linux64, Python) logging started Tue May  8 00:52:06 2018

Academic license - for non-commercial use only

Gurobi 7.5.2 (linux64, Python) logging started Tue May  8 00:52:32 2018

Academic license - for non-commercial use only

Gurobi 7.5.2 (linux64, Python) logging started Tue May  8 00:52:48 2018

Academic license - for non-commercial use only

Gurobi 7.5.2 (linux64, Python) logging started Tue May  8 01:02:09 2018

Academic license - for non-commercial use only

Gurobi 7.5.2 (linux64, Python) logging started Tue May  8 01:03:06 2018

Academic license - for non-commercial use only

Gurobi 7.5.2 (linux64, Python) logging started Tue May  8 01:31:45 2018

Academic license - for non-commercial use only

Gurobi 7.5.2 (linux64, Python) logging started Tue May  8 01:34:27 2018

Academic license - for non-commercial use only

Gurobi 7.5.2 (linux64, Python) logging started Tue May  8 01:38:40 2018

Academic license - for non-commercial use only

Gurobi 7.5.2 (linux64, Python) logging started Tue May  8 01:39:50 2018

Academic license - for non-commercial use only

Gurobi 7.5.2 (linux64, Python) logging started Tue May  8 01:46:18 2018

Academic license - for non-commercial use only

Gurobi 7.5.2 (linux64, Python) logging started Tue May  8 01:48:43 2018

Academic license - for non-commercial use only

Gurobi 7.5.2 (linux64, Python) logging started Tue May  8 01:51:06 2018

Academic license - for non-commercial use only

Gurobi 7.5.2 (linux64, Python) logging started Tue May  8 01:55:53 2018

Academic license - for non-commercial use only

Gurobi 7.5.2 (linux64, Python) logging started Tue May  8 01:58:53 2018

Academic license - for non-commercial use only

Gurobi 7.5.2 (linux64, Python) logging started Tue May  8 02:00:06 2018

Academic license - for non-commercial use only

Gurobi 7.5.2 (linux64, Python) logging started Tue May  8 02:02:12 2018

Academic license - for non-commercial use only

Gurobi 7.5.2 (linux64, Python) logging started Tue May  8 02:05:51 2018

Academic license - for non-commercial use only

Gurobi 7.5.2 (linux64, Python) logging started Tue May  8 02:09:17 2018

Academic license - for non-commercial use only

Gurobi 7.5.2 (linux64, Python) logging started Tue May  8 11:04:00 2018

Academic license - for non-commercial use only

Gurobi 7.5.2 (linux64, Python) logging started Tue May  8 11:16:37 2018

Academic license - for non-commercial use only

Gurobi 7.5.2 (linux64, Python) logging started Tue May  8 12:06:56 2018

Academic license - for non-commercial use only

Gurobi 7.5.2 (linux64, Python) logging started Tue May  8 12:07:54 2018

Academic license - for non-commercial use only

Gurobi 7.5.2 (linux64, Python) logging started Tue May  8 12:09:42 2018

Academic license - for non-commercial use only

Gurobi 7.5.2 (linux64, Python) logging started Tue May  8 12:42:08 2018

Academic license - for non-commercial use only

Gurobi 7.5.2 (linux64, Python) logging started Tue May  8 12:44:48 2018

Academic license - for non-commercial use only

Gurobi 7.5.2 (linux64, Python) logging started Tue May  8 12:46:26 2018

Academic license - for non-commercial use only

Gurobi 7.5.2 (linux64, Python) logging started Tue May  8 12:47:37 2018

Academic license - for non-commercial use only

Gurobi 7.5.2 (linux64, Python) logging started Tue May  8 12:48:45 2018

Academic license - for non-commercial use only

Gurobi 7.5.2 (linux64, Python) logging started Tue May  8 12:50:32 2018

Academic license - for non-commercial use only

Gurobi 7.5.2 (linux64, Python) logging started Tue May  8 12:51:16 2018

Academic license - for non-commercial use only

Gurobi 7.5.2 (linux64, Python) logging started Tue May  8 12:52:18 2018

Academic license - for non-commercial use only

Gurobi 7.5.2 (linux64, Python) logging started Tue May  8 13:58:35 2018

Academic license - for non-commercial use only

Gurobi 7.5.2 (linux64, Python) logging started Tue May  8 17:09:23 2018

Academic license - for non-commercial use only

Gurobi 7.5.2 (linux64, Python) logging started Wed May  9 20:49:20 2018

Academic license - for non-commercial use only

Gurobi 7.5.2 (linux64, Python) logging started Wed May  9 22:14:07 2018

Academic license - for non-commercial use only

Gurobi 7.5.2 (linux64, Python) logging started Wed May  9 22:24:17 2018

Academic license - for non-commercial use only

Gurobi 7.5.2 (linux64, Python) logging started Wed May  9 22:31:45 2018

Academic license - for non-commercial use only

Gurobi 7.5.2 (linux64, Python) logging started Wed May  9 22:34:30 2018

Academic license - for non-commercial use only

Gurobi 7.5.2 (linux64, Python) logging started Wed May  9 22:36:09 2018

Academic license - for non-commercial use only

Gurobi 7.5.2 (linux64, Python) logging started Wed May  9 22:37:35 2018

Academic license - for non-commercial use only

Gurobi 7.5.2 (linux64, Python) logging started Wed May  9 22:38:32 2018

Academic license - for non-commercial use only

Gurobi 7.5.2 (linux64, Python) logging started Wed May  9 22:44:08 2018

Academic license - for non-commercial use only

Gurobi 7.5.2 (linux64, Python) logging started Wed May  9 22:49:18 2018

Academic license - for non-commercial use only

Gurobi 7.5.2 (linux64, Python) logging started Wed May  9 22:51:17 2018

Academic license - for non-commercial use only

Gurobi 7.5.2 (linux64, Python) logging started Wed May  9 22:52:53 2018

Academic license - for non-commercial use only

Gurobi 7.5.2 (linux64, Python) logging started Wed May  9 22:53:48 2018

Academic license - for non-commercial use only

Gurobi 7.5.2 (linux64, Python) logging started Wed May  9 22:56:59 2018

Academic license - for non-commercial use only

Gurobi 7.5.2 (linux64, Python) logging started Wed May  9 23:00:25 2018

Academic license - for non-commercial use only

Gurobi 7.5.2 (linux64, Python) logging started Wed May  9 23:01:52 2018

Academic license - for non-commercial use only

Gurobi 7.5.2 (linux64, Python) logging started Wed May  9 23:03:08 2018

Academic license - for non-commercial use only

Gurobi 7.5.2 (linux64, Python) logging started Wed May  9 23:03:49 2018

Academic license - for non-commercial use only

Gurobi 7.5.2 (linux64, Python) logging started Wed May  9 23:04:02 2018

Academic license - for non-commercial use only

Gurobi 7.5.2 (linux64, Python) logging started Wed May  9 23:05:00 2018

Academic license - for non-commercial use only

Gurobi 7.5.2 (linux64, Python) logging started Wed May  9 23:06:51 2018

Academic license - for non-commercial use only

Gurobi 7.5.2 (linux64, Python) logging started Wed May  9 23:08:08 2018

Academic license - for non-commercial use only

Gurobi 7.5.2 (linux64, Python) logging started Wed May  9 23:12:06 2018

Academic license - for non-commercial use only

Gurobi 7.5.2 (linux64, Python) logging started Wed May  9 23:12:41 2018

Academic license - for non-commercial use only

Gurobi 7.5.2 (linux64, Python) logging started Wed May  9 23:15:01 2018

Academic license - for non-commercial use only

Gurobi 7.5.2 (linux64, Python) logging started Wed May  9 23:20:04 2018

Academic license - for non-commercial use only

Gurobi 7.5.2 (linux64, Python) logging started Wed May  9 23:41:01 2018

Academic license - for non-commercial use only

Gurobi 7.5.2 (linux64, Python) logging started Tue May 15 22:01:08 2018

Academic license - for non-commercial use only

Gurobi 7.5.2 (linux64, Python) logging started Tue May 15 22:02:39 2018

Academic license - for non-commercial use only

Gurobi 7.5.2 (linux64, Python) logging started Tue May 15 22:14:03 2018

Academic license - for non-commercial use only

Gurobi 7.5.2 (linux64, Python) logging started Tue May 15 22:17:10 2018

Academic license - for non-commercial use only

Gurobi 7.5.2 (linux64, Python) logging started Tue May 15 22:18:25 2018

Academic license - for non-commercial use only

Gurobi 7.5.2 (linux64, Python) logging started Tue May 15 22:19:12 2018

Academic license - for non-commercial use only

Gurobi 7.5.2 (linux64, Python) logging started Tue May 15 22:20:18 2018

Academic license - for non-commercial use only

Gurobi 7.5.2 (linux64, Python) logging started Tue May 15 22:24:19 2018

Academic license - for non-commercial use only

Gurobi 7.5.2 (linux64, Python) logging started Tue May 15 22:26:07 2018

Academic license - for non-commercial use only

Gurobi 7.5.2 (linux64, Python) logging started Tue May 15 22:27:18 2018

Academic license - for non-commercial use only

Gurobi 7.5.2 (linux64, Python) logging started Tue May 15 22:31:58 2018

Academic license - for non-commercial use only

Gurobi 7.5.2 (linux64, Python) logging started Tue May 15 22:32:43 2018

Academic license - for non-commercial use only

Gurobi 7.5.2 (linux64, Python) logging started Tue May 15 22:34:56 2018

Academic license - for non-commercial use only

Gurobi 7.5.2 (linux64, Python) logging started Tue May 15 22:36:30 2018

Academic license - for non-commercial use only

Gurobi 7.5.2 (linux64, Python) logging started Tue May 15 22:40:59 2018

Academic license - for non-commercial use only

Gurobi 7.5.2 (linux64, Python) logging started Tue May 15 23:01:37 2018

Academic license - for non-commercial use only

Gurobi 7.5.2 (linux64, Python) logging started Tue May 15 23:02:25 2018

Academic license - for non-commercial use only

Gurobi 7.5.2 (linux64, Python) logging started Tue May 15 23:03:42 2018

Academic license - for non-commercial use only

Gurobi 7.5.2 (linux64, Python) logging started Tue May 15 23:05:10 2018

Academic license - for non-commercial use only

Gurobi 7.5.2 (linux64, Python) logging started Tue May 15 23:07:22 2018

Academic license - for non-commercial use only

Gurobi 7.5.2 (linux64, Python) logging started Tue May 15 23:10:16 2018

Academic license - for non-commercial use only

Gurobi 7.5.2 (linux64, Python) logging started Tue May 15 23:11:37 2018

Academic license - for non-commercial use only

Gurobi 7.5.2 (linux64, Python) logging started Tue May 15 23:15:02 2018

Academic license - for non-commercial use only

Gurobi 7.5.2 (linux64, Python) logging started Tue May 15 23:16:39 2018

Academic license - for non-commercial use only

Gurobi 7.5.2 (linux64, Python) logging started Tue May 15 23:19:17 2018

Academic license - for non-commercial use only

Gurobi 7.5.2 (linux64, Python) logging started Tue May 15 23:20:05 2018

Academic license - for non-commercial use only

Gurobi 7.5.2 (linux64, Python) logging started Tue May 15 23:26:22 2018

Academic license - for non-commercial use only

Gurobi 7.5.2 (linux64, Python) logging started Tue May 15 23:27:24 2018

Academic license - for non-commercial use only

Gurobi 7.5.2 (linux64, Python) logging started Tue May 15 23:32:22 2018

Academic license - for non-commercial use only

Gurobi 7.5.2 (linux64, Python) logging started Tue May 15 23:33:25 2018

Academic license - for non-commercial use only

Gurobi 7.5.2 (linux64, Python) logging started Tue May 15 23:34:11 2018

Academic license - for non-commercial use only

Gurobi 7.5.2 (linux64, Python) logging started Tue May 15 23:35:14 2018

Academic license - for non-commercial use only

Gurobi 7.5.2 (linux64, Python) logging started Wed May 16 21:53:19 2018

Academic license - for non-commercial use only

Gurobi 7.5.2 (linux64, Python) logging started Wed May 16 21:57:43 2018

Academic license - for non-commercial use only

Gurobi 7.5.2 (linux64, Python) logging started Wed May 16 23:42:31 2018

Academic license - for non-commercial use only

Gurobi 7.5.2 (linux64, Python) logging started Wed May 16 23:57:34 2018

Academic license - for non-commercial use only

Gurobi 7.5.2 (linux64, Python) logging started Thu May 17 00:10:45 2018

Academic license - for non-commercial use only

Gurobi 7.5.2 (linux64, Python) logging started Thu May 17 00:34:59 2018

Academic license - for non-commercial use only

Gurobi 7.5.2 (linux64, Python) logging started Thu May 17 08:29:29 2018

Academic license - for non-commercial use only

Gurobi 7.5.2 (linux64, Python) logging started Thu May 17 08:32:00 2018

Academic license - for non-commercial use only

Gurobi 7.5.2 (linux64, Python) logging started Thu May 17 08:46:23 2018

Academic license - for non-commercial use only

Gurobi 7.5.2 (linux64, Python) logging started Thu May 17 08:48:18 2018

Academic license - for non-commercial use only

Gurobi 7.5.2 (linux64, Python) logging started Thu May 17 08:48:58 2018

Academic license - for non-commercial use only

Gurobi 7.5.2 (linux64, Python) logging started Thu May 17 09:13:42 2018

Academic license - for non-commercial use only

Gurobi 7.5.2 (linux64, Python) logging started Thu May 17 09:15:18 2018

Academic license - for non-commercial use only

Gurobi 7.5.2 (linux64, Python) logging started Thu May 17 09:16:57 2018

Academic license - for non-commercial use only

Gurobi 7.5.2 (linux64, Python) logging started Thu May 17 09:25:13 2018

Academic license - for non-commercial use only

Gurobi 7.5.2 (linux64, Python) logging started Thu May 17 09:27:53 2018

Academic license - for non-commercial use only

Gurobi 7.5.2 (linux64, Python) logging started Thu May 17 09:31:53 2018

Academic license - for non-commercial use only

Gurobi 7.5.2 (linux64, Python) logging started Thu May 17 21:29:18 2018

Academic license - for non-commercial use only

Gurobi 7.5.2 (linux64, Python) logging started Thu May 17 21:30:14 2018

Academic license - for non-commercial use only

Gurobi 7.5.2 (linux64, Python) logging started Thu May 17 21:38:04 2018

Academic license - for non-commercial use only

Gurobi 7.5.2 (linux64, Python) logging started Thu May 17 21:43:42 2018

Academic license - for non-commercial use only

Gurobi 7.5.2 (linux64, Python) logging started Thu May 17 22:01:04 2018

Academic license - for non-commercial use only

Gurobi 7.5.2 (linux64, Python) logging started Thu May 17 22:11:19 2018

Academic license - for non-commercial use only

Gurobi 7.5.2 (linux64, Python) logging started Thu May 17 22:13:49 2018

Academic license - for non-commercial use only

Gurobi 7.5.2 (linux64, Python) logging started Fri May 18 00:42:46 2018

Academic license - for non-commercial use only

Gurobi 7.5.2 (linux64, Python) logging started Fri May 18 00:45:37 2018

Academic license - for non-commercial use only

Gurobi 7.5.2 (linux64, Python) logging started Fri May 18 01:00:25 2018

Academic license - for non-commercial use only

Gurobi 7.5.2 (linux64, Python) logging started Fri May 18 01:02:33 2018

Academic license - for non-commercial use only

Gurobi 7.5.2 (linux64, Python) logging started Sun May 20 20:56:13 2018

Academic license - for non-commercial use only

Gurobi 7.5.2 (linux64, Python) logging started Sun May 20 20:57:47 2018

Academic license - for non-commercial use only

Gurobi 7.5.2 (linux64, Python) logging started Sun May 20 21:06:57 2018

Academic license - for non-commercial use only

Gurobi 7.5.2 (linux64, Python) logging started Sun May 20 21:28:32 2018

Academic license - for non-commercial use only
